# JRE version: Java(TM) SE Runtime Environment (8.0_101-b13) (build 1.8.0_101-b13)
# Java VM: Java HotSpot(TM) 64-Bit Server VM (25.101-b13 mixed mode windows-amd64 compressed oops)
Heap:
 PSYoungGen      total 167424K, used 127884K [0x00000000e0000000, 0x00000000eea80000, 0x0000000100000000)
  eden space 151040K, 84% used [0x00000000e0000000,0x00000000e7ce3140,0x00000000e9380000)
  from space 16384K, 0% used [0x00000000e9380000,0x00000000e9380000,0x00000000ea380000)
  to   space 15872K, 0% used [0x00000000edb00000,0x00000000edb00000,0x00000000eea80000)
 ParOldGen       total 121344K, used 33451K [0x00000000a0000000, 0x00000000a7680000, 0x00000000e0000000)
  object space 121344K, 27% used [0x00000000a0000000,0x00000000a20aaf98,0x00000000a7680000)
 Metaspace       used 63466K, capacity 65322K, committed 65664K, reserved 1105920K
  class space    used 8778K, capacity 9252K, committed 9344K, reserved 1048576K
GC Heap History (10 events):
Event: 33.700 GC heap before
{Heap before GC invocations=12 (full 2):
 PSYoungGen      total 100352K, used 89088K [0x00000000e0000000, 0x00000000e9580000, 0x0000000100000000)
  eden space 89088K, 100% used [0x00000000e0000000,0x00000000e5700000,0x00000000e5700000)
  from space 11264K, 0% used [0x00000000e5700000,0x00000000e5700000,0x00000000e6200000)
  to   space 10752K, 0% used [0x00000000e8b00000,0x00000000e8b00000,0x00000000e9580000)
 ParOldGen       total 82944K, used 15226K [0x00000000a0000000, 0x00000000a5100000, 0x00000000e0000000)
  object space 82944K, 18% used [0x00000000a0000000,0x00000000a0ede9f0,0x00000000a5100000)
 Metaspace       used 40453K, capacity 41184K, committed 41472K, reserved 1085440K
  class space    used 5598K, capacity 5822K, committed 5888K, reserved 1048576K
Event: 33.731 GC heap after
Heap after GC invocations=12 (full 2):
 PSYoungGen      total 128000K, used 9981K [0x00000000e0000000, 0x00000000e9500000, 0x0000000100000000)
  eden space 117760K, 0% used [0x00000000e0000000,0x00000000e0000000,0x00000000e7300000)
  from space 10240K, 97% used [0x00000000e8b00000,0x00000000e94bf730,0x00000000e9500000)
  to   space 11776K, 0% used [0x00000000e7e00000,0x00000000e7e00000,0x00000000e8980000)
 ParOldGen       total 82944K, used 15234K [0x00000000a0000000, 0x00000000a5100000, 0x00000000e0000000)
  object space 82944K, 18% used [0x00000000a0000000,0x00000000a0ee09f0,0x00000000a5100000)
 Metaspace       used 40453K, capacity 41184K, committed 41472K, reserved 1085440K
  class space    used 5598K, capacity 5822K, committed 5888K, reserved 1048576K
}
Event: 44.405 GC heap before
{Heap before GC invocations=13 (full 2):
 PSYoungGen      total 128000K, used 127741K [0x00000000e0000000, 0x00000000e9500000, 0x0000000100000000)
  eden space 117760K, 100% used [0x00000000e0000000,0x00000000e7300000,0x00000000e7300000)
  from space 10240K, 97% used [0x00000000e8b00000,0x00000000e94bf730,0x00000000e9500000)
  to   space 11776K, 0% used [0x00000000e7e00000,0x00000000e7e00000,0x00000000e8980000)
 ParOldGen       total 82944K, used 15234K [0x00000000a0000000, 0x00000000a5100000, 0x00000000e0000000)
  object space 82944K, 18% used [0x00000000a0000000,0x00000000a0ee09f0,0x00000000a5100000)
 Metaspace       used 50874K, capacity 52202K, committed 52480K, reserved 1093632K
  class space    used 6999K, capacity 7366K, committed 7424K, reserved 1048576K
Event: 44.480 GC heap after
Heap after GC invocations=13 (full 2):
 PSYoungGen      total 140800K, used 11752K [0x00000000e0000000, 0x00000000eb280000, 0x0000000100000000)
  eden space 129024K, 0% used [0x00000000e0000000,0x00000000e0000000,0x00000000e7e00000)
  from space 11776K, 99% used [0x00000000e7e00000,0x00000000e897a190,0x00000000e8980000)
  to   space 15360K, 0% used [0x00000000ea380000,0x00000000ea380000,0x00000000eb280000)
 ParOldGen       total 82944K, used 22282K [0x00000000a0000000, 0x00000000a5100000, 0x00000000e0000000)
  object space 82944K, 26% used [0x00000000a0000000,0x00000000a15c2810,0x00000000a5100000)
 Metaspace       used 50874K, capacity 52202K, committed 52480K, reserved 1093632K
  class space    used 6999K, capacity 7366K, committed 7424K, reserved 1048576K
}
Event: 56.547 GC heap before
{Heap before GC invocations=14 (full 2):
 PSYoungGen      total 140800K, used 140776K [0x00000000e0000000, 0x00000000eb280000, 0x0000000100000000)
  eden space 129024K, 100% used [0x00000000e0000000,0x00000000e7e00000,0x00000000e7e00000)
  from space 11776K, 99% used [0x00000000e7e00000,0x00000000e897a190,0x00000000e8980000)
  to   space 15360K, 0% used [0x00000000ea380000,0x00000000ea380000,0x00000000eb280000)
 ParOldGen       total 82944K, used 22282K [0x00000000a0000000, 0x00000000a5100000, 0x00000000e0000000)
  object space 82944K, 26% used [0x00000000a0000000,0x00000000a15c2810,0x00000000a5100000)
 Metaspace       used 57187K, capacity 58988K, committed 59136K, reserved 1099776K
  class space    used 7941K, capacity 8371K, committed 8448K, reserved 1048576K
Event: 56.607 GC heap after
Heap after GC invocations=14 (full 2):
 PSYoungGen      total 166400K, used 12212K [0x00000000e0000000, 0x00000000ebf80000, 0x0000000100000000)
  eden space 151040K, 0% used [0x00000000e0000000,0x00000000e0000000,0x00000000e9380000)
  from space 15360K, 79% used [0x00000000ea380000,0x00000000eaf6d0a8,0x00000000eb280000)
  to   space 16384K, 0% used [0x00000000e9380000,0x00000000e9380000,0x00000000ea380000)
 ParOldGen       total 82944K, used 28791K [0x00000000a0000000, 0x00000000a5100000, 0x00000000e0000000)
  object space 82944K, 34% used [0x00000000a0000000,0x00000000a1c1dfc8,0x00000000a5100000)
 Metaspace       used 57187K, capacity 58988K, committed 59136K, reserved 1099776K
  class space    used 7941K, capacity 8371K, committed 8448K, reserved 1048576K
}
Event: 56.905 GC heap before
{Heap before GC invocations=15 (full 2):
 PSYoungGen      total 166400K, used 18347K [0x00000000e0000000, 0x00000000ebf80000, 0x0000000100000000)
  eden space 151040K, 4% used [0x00000000e0000000,0x00000000e05fdd78,0x00000000e9380000)
  from space 15360K, 79% used [0x00000000ea380000,0x00000000eaf6d0a8,0x00000000eb280000)
  to   space 16384K, 0% used [0x00000000e9380000,0x00000000e9380000,0x00000000ea380000)
 ParOldGen       total 82944K, used 28791K [0x00000000a0000000, 0x00000000a5100000, 0x00000000e0000000)
  object space 82944K, 34% used [0x00000000a0000000,0x00000000a1c1dfc8,0x00000000a5100000)
 Metaspace       used 57301K, capacity 59090K, committed 59136K, reserved 1099776K
  class space    used 7946K, capacity 8404K, committed 8448K, reserved 1048576K
Event: 56.933 GC heap after
Heap after GC invocations=15 (full 2):
 PSYoungGen      total 167424K, used 8064K [0x00000000e0000000, 0x00000000eea80000, 0x0000000100000000)
  eden space 151040K, 0% used [0x00000000e0000000,0x00000000e0000000,0x00000000e9380000)
  from space 16384K, 49% used [0x00000000e9380000,0x00000000e9b60060,0x00000000ea380000)
  to   space 15872K, 0% used [0x00000000edb00000,0x00000000edb00000,0x00000000eea80000)
 ParOldGen       total 82944K, used 28799K [0x00000000a0000000, 0x00000000a5100000, 0x00000000e0000000)
  object space 82944K, 34% used [0x00000000a0000000,0x00000000a1c1ffc8,0x00000000a5100000)
 Metaspace       used 57301K, capacity 59090K, committed 59136K, reserved 1099776K
  class space    used 7946K, capacity 8404K, committed 8448K, reserved 1048576K
}
Event: 56.933 GC heap before
{Heap before GC invocations=16 (full 3):
 PSYoungGen      total 167424K, used 8064K [0x00000000e0000000, 0x00000000eea80000, 0x0000000100000000)
  eden space 151040K, 0% used [0x00000000e0000000,0x00000000e0000000,0x00000000e9380000)
  from space 16384K, 49% used [0x00000000e9380000,0x00000000e9b60060,0x00000000ea380000)
  to   space 15872K, 0% used [0x00000000edb00000,0x00000000edb00000,0x00000000eea80000)
 ParOldGen       total 82944K, used 28799K [0x00000000a0000000, 0x00000000a5100000, 0x00000000e0000000)
  object space 82944K, 34% used [0x00000000a0000000,0x00000000a1c1ffc8,0x00000000a5100000)
 Metaspace       used 57301K, capacity 59090K, committed 59136K, reserved 1099776K
  class space    used 7946K, capacity 8404K, committed 8448K, reserved 1048576K
Event: 57.962 GC heap after
Heap after GC invocations=16 (full 3):
 PSYoungGen      total 167424K, used 0K [0x00000000e0000000, 0x00000000eea80000, 0x0000000100000000)
  eden space 151040K, 0% used [0x00000000e0000000,0x00000000e0000000,0x00000000e9380000)
  from space 16384K, 0% used [0x00000000e9380000,0x00000000e9380000,0x00000000ea380000)
  to   space 15872K, 0% used [0x00000000edb00000,0x00000000edb00000,0x00000000eea80000)
 ParOldGen       total 121344K, used 33451K [0x00000000a0000000, 0x00000000a7680000, 0x00000000e0000000)
  object space 121344K, 27% used [0x00000000a0000000,0x00000000a20aaf98,0x00000000a7680000)
 Metaspace       used 57301K, capacity 59090K, committed 59136K, reserved 1099776K
  class space    used 7946K, capacity 8404K, committed 8448K, reserved 1048576K
}

